                                                                                                                                     
                                                                                                                                     
                                                                                                                                     
                                                                                                                                     
                                                                        .                                                            
                                                                                                                                     
                                                                                :                                                    
                                                                            .                                                        
                                                                         .:..                                                        
                                                                      :  ..  ..                                                      
                                                                       :       o.                                                    
                                                                      .        ::                                                    
                                                           .           o       .              .                                      
                                                         .:     !:. o.O!:
GC!!!
Discarding unused type Method
Discarding unused type Property
Discarding unused type Variable
Discarding unused type !def Object (Object object, Object method)149
Discarding unused type @StackType:174
Discarding unused type !macro Call ()200
Discarding unused type @StackType:243
Discarding unused type @StackType:244
Discarding unused type !intersection(Call,NullLiteral)
Discarding unused type @StackType:536
Discarding unused type !intersection(Call,NullLiteral)
Discarding unused type @StackType:539
Discarding unused type @StackType:475
Discarding unused type !intersection(Node,Call)
Discarding unused type @StackType:474
Discarding unused type !intersection(!intersection(!intersection(Call,NullLiteral),NullLiteral),!intersection(!intersection(!intersection(!intersection(!intersection(!intersection(!intersection(!intersection(!intersection(!intersection(Call,NullLiteral),NullLiteral),NullLiteral),!intersection(!intersection(!intersection(!intersection(!intersection(!intersection(Call,NullLiteral),NullLiteral),NullLiteral),NullLiteral),NullLiteral),NullLiteral)),NullLiteral),NullLiteral),NullLiteral),NullLiteral),NullLiteral),NullLiteral))
Discarding unused type !intersection(InternalIdentifier,Node)
Discarding unused type @StackType:252
Discarding unused type @StackType:447
Discarding unused type !intersection(!intersection(!intersection(!intersection(!intersection(!intersection(!intersection(!intersection(Call,NullLiteral),NullLiteral),NullLiteral),NullLiteral),NullLiteral),NullLiteral),NullLiteral),NullLiteral)
Discarding unused type @StackType:446
Discarding unused type !intersection(!intersection(!intersection(!intersection(!intersection(!intersection(!intersection(Call,NullLiteral),NullLiteral),NullLiteral),NullLiteral),NullLiteral),NullLiteral),NullLiteral)
Discarding unused type @StackType:445
Discarding unused type !intersection(!intersection(!intersection(!intersection(!intersection(!intersection(Call,NullLiteral),NullLiteral),NullLiteral),NullLiteral),NullLiteral),NullLiteral)
Discarding unused type @StackType:444
Discarding unused type !intersection(!intersection(!intersection(!intersection(!intersection(Call,NullLiteral),NullLiteral),NullLiteral),NullLiteral),NullLiteral)
Discarding unused type @StackType:443
Discarding unused type !intersection(!intersection(!intersection(!intersection(Call,NullLiteral),NullLiteral),NullLiteral),NullLiteral)
Discarding unused type @StackType:442
Discarding unused type !intersection(!intersection(!intersection(Call,NullLiteral),NullLiteral),NullLiteral)
Discarding unused type @StackType:441
Discarding unused type !intersection(!intersection(Call,NullLiteral),NullLiteral)
Discarding unused type @StackType:440
Discarding unused type !intersection(Call,NullLiteral)
Discarding unused type @StackType:437
Discarding unused type !intersection(!intersection(!intersection(!intersection(!intersection(!intersection(!intersection(!intersection(Call,NullLiteral),NullLiteral),NullLiteral),NullLiteral),NullLiteral),NullLiteral),NullLiteral),NullLiteral)
Discarding unused type @StackType:436
Discarding unused type !intersection(!intersection(!intersection(!intersection(!intersection(!intersection(!intersection(Call,NullLiteral),NullLiteral),NullLiteral),NullLiteral),NullLiteral),NullLiteral),NullLiteral)
Discarding unused type @StackType:433
Discarding unused type !intersection(Call,NullLiteral)
Discarding unused type @StackType:432
Discarding unused type !intersection(!intersection(!intersection(!intersection(!intersection(!intersection(Call,NullLiteral),NullLiteral),NullLiteral),NullLiteral),NullLiteral),NullLiteral)
Discarding unused type @StackType:431
Discarding unused type !intersection(!intersection(!intersection(!intersection(!intersection(Call,NullLiteral),NullLiteral),NullLiteral),NullLiteral),NullLiteral)
Discarding unused type @StackType:430
Discarding unused type !intersection(!intersection(!intersection(!intersection(Call,NullLiteral),NullLiteral),NullLiteral),NullLiteral)
Discarding unused type @StackType:429
Discarding unused type !intersection(!intersection(!intersection(Call,NullLiteral),NullLiteral),NullLiteral)
Discarding unused type @StackType:428
Discarding unused type !intersection(!intersection(Call,NullLiteral),NullLiteral)
Discarding unused type @StackType:427
Discarding unused type !intersection(Call,NullLiteral)
Discarding unused type @StackType:424
Discarding unused type !intersection(!intersection(!intersection(!intersection(!intersection(!intersection(!intersection(!intersection(!intersection(Call,NullLiteral),NullLiteral),NullLiteral),!intersection(!intersection(!intersection(!intersection(!intersection(!intersection(Call,NullLiteral),NullLiteral),NullLiteral),NullLiteral),NullLiteral),NullLiteral)),NullLiteral),NullLiteral),NullLiteral),NullLiteral),NullLiteral)
Discarding unused type @StackType:423
Discarding unused type !intersection(!intersection(!intersection(!intersection(!intersection(!intersection(!intersection(!intersection(Call,NullLiteral),NullLiteral),NullLiteral),!intersection(!intersection(!intersection(!intersection(!intersection(!intersection(Call,NullLiteral),NullLiteral),NullLiteral),NullLiteral),NullLiteral),NullLiteral)),NullLiteral),NullLiteral),NullLiteral),NullLiteral)
Discarding unused type @StackType:422
Discarding unused type !intersection(!intersection(!intersection(!intersection(!intersection(!intersection(!intersection(Call,NullLiteral),NullLiteral),NullLiteral),!intersection(!intersection(!intersection(!intersection(!intersection(!intersection(Call,NullLiteral),NullLiteral),NullLiteral),NullLiteral),NullLiteral),NullLiteral)),NullLiteral),NullLiteral),NullLiteral)
Discarding unused type @StackType:421
Discarding unused type !intersection(!intersection(!intersection(!intersection(!intersection(!intersection(Call,NullLiteral),NullLiteral),NullLiteral),!intersection(!intersection(!intersection(!intersection(!intersection(!intersection(Call,NullLiteral),NullLiteral),NullLiteral),NullLiteral),NullLiteral),NullLiteral)),NullLiteral),NullLiteral)
Discarding unused type @StackType:420
Discarding unused type !intersection(!intersection(!intersection(!intersection(!intersection(Call,NullLiteral),NullLiteral),NullLiteral),!intersection(!intersection(!intersection(!intersection(!intersection(!intersection(Call,NullLiteral),NullLiteral),NullLiteral),NullLiteral),NullLiteral)