Weee identifier Int found. Frame? yes
Identifier Int is a constant
Weee identifier String found. Frame? yes
Identifier String is a constant
Weee identifier this found. Frame? yes
Identifier lookup failed
Weee identifier filename found. Frame? yes
Identifier lookup failed
Weee identifier this found. Frame? yes
Identifier lookup failed
Weee identifier filename found. Frame? yes
Identifier lookup failed
Weee identifier this found. Frame? yes
Identifier lookup failed
Weee identifier this found. Frame? yes
Identifier lookup failed
Weee identifier Call found. Frame? yes
Identifier Call is a constant
Weee identifier Call found. Frame? yes
Identifier Call is a constant
Weee identifier Identifier found. Frame? yes
Identifier Identifier is a constant
Weee identifier Call found. Frame? yes
Identifier Call is a constant
Weee identifier Identifier found. Frame? yes
Identifier Identifier is a constant
Weee identifier IntLiteral found. Frame? yes
Identifier IntLiteral is a constant
Weee identifier Call found. Frame? yes
Identifier Call is a constant
Weee identifier Identifier found. Frame? yes
Identifier Identifier is a constant
Weee identifier Identifier found. Frame? yes
Identifier Identifier is a constant
Weee identifier Call found. Frame? yes
Identifier Call is a constant
Weee identifier IntLiteral found. Frame? yes
Identifier IntLiteral is a constant
Weee identifier StringLiteral found. Frame? yes
Identifier StringLiteral is a constant
Weee identifier definition found. Frame? yes
Identifier lookup failed
Weee identifier definition found. Frame? yes
Identifier lookup failed
Check node
*__memberGet__(
    definition,
    "error")(
    "Unexpected thingie")
Const tests 1 1
It's not a constant
Type tests 0 1 0
Fail
Weee identifier definition found. Frame? yes
Identifier lookup failed
Weee identifier definition found. Frame? yes
Identifier lookup failed
Weee identifier definition found. Frame? yes
Identifier lookup failed
Weee identifier definition found. Frame? yes
Identifier lookup failed
Weee identifier definition found. Frame? yes
Identifier lookup failed
Check node
*__memberGet__(
    definition,
    "error")(
    "Unexpected thingie")
Const tests 1 1
It's not a constant
Type tests 0 1 0
Fail
Weee identifier definition found. Frame? yes
Identifier lookup failed
Weee identifier definition found. Frame? yes
Identifier lookup failed
Weee identifier definition found. Frame? yes
Identifier lookup failed
Weee identifier el found. Frame? yes
Identifier lookup failed
Weee identifier __not__ found. Frame? yes
Identifier __not__ is a constant
Weee identifier id found. Frame? yes
Identifier lookup failed
Check node
*__memberGet__(
    *__memberGet__(
        "!",
        "__join__")(
        *__memberGet__(
            id; name)),
    "__join__")(
    "Getter")
Const tests 1 1
It's not a constant
Type tests 0 1 0
Fail
Check node
*__memberGet__(
    "!",
    "__join__")(
    *__memberGet__(
        id; name))
Const tests 0 0
It's not a constant
Type tests 0 1 0
Fail
Weee identifier id found. Frame? yes
Identifier lookup failed
Weee identifier id found. Frame? yes
Identifier lookup failed
Check node
*__memberGet__(
    *__memberGet__(
        fun,
        "replace")(
        <Dummy>: Identifier;
        Identifier(definition;getter)),
    "replace")(
    <Dummy>: Identifier;
    IntLiteral(definition;idx))
Const tests 1 1
It's not a constant
Type tests 0 0 0
Fail
Weee identifier fun found. Frame? yes
Identifier lookup failed
Weee identifier fun found. Frame? yes
Identifier lookup failed
Check node
*__memberGet__(
    fun,
    "replace")(
    <Dummy>: Identifier;
    Identifier(definition;getter))
Const tests 1 1
It's not a constant
Type tests 0 0 0
Fail
Weee identifier fun found. Frame? yes
Identifier lookup failed
Weee identifier fun found. Frame? yes
Identifier lookup failed
Weee identifier fun found. Frame? yes
Identifier lookup failed
Weee identifier definition found. Frame? yes
Identifier lookup failed
Weee identifier getter found. Frame? yes
Identifier lookup failed
Weee identifier definition found. Frame? yes
Identifier lookup failed
Weee identifier idx found. Frame? yes
Identifier lookup failed
Check node
*__memberGet__(
    *__memberGet__(
        prop,
        "replace")(
        <Dummy>: Identifier;
        Identifier(definition;*__memberGet__(
    id; name))),
    "replace")(
    <Dummy>: Identifier;
    Identifier(definition;getter))
Const tests 1 1
It's not a constant
Type tests 0 0 0
Fail
Weee identifier prop found. Frame? yes
Identifier lookup failed
Weee identifier prop found. Frame? yes
Identifier lookup failed
Check node
*__memberGet__(
    prop,
    "replace")(
    <Dummy>: Identifier;
    Identifier(definition;*__memberGet__(
    id; name)))
Const tests 1 1
It's not a constant
Type tests 0 0 0
Fail
Weee identifier prop found. Frame? yes
Identifier lookup failed
Weee identifier prop found. Frame? yes
Identifier lookup failed
Weee identifier prop found. Frame? yes
Identifier lookup failed
Weee identifier definition found. Frame? yes
Identifier lookup failed
Weee identifier id found. Frame? yes
Identifier lookup failed
Weee identifier id found. Frame? yes
Identifier lookup failed
Weee identifier definition found. Frame? yes
Identifier lookup failed
Weee identifier getter found. Frame? yes
Identifier lookup failed
Check node
*__memberGet__(
    *__memberGet__(
        cmp,
        "replace")(
        <Dummy>: Identifier;
        IntLiteral(definition;idx)),
    "replace")(
    <Dummy>: Identifier;
    StringLiteral(definition;*__memberGet__(
    id; name)))
Const tests 1 1
It's not a constant
Type tests 0 0 0
Fail
Weee identifier cmp found. Frame? yes
Identifier lookup failed
Weee identifier cmp found. Frame? yes
Identifier lookup failed
Check node
*__memberGet__(
    cmp,
    "replace")(
    <Dummy>: Identifier;
    IntLiteral(definition;idx))
Const tests 1 1
It's not a constant
Type tests 0 0 0
Fail
Weee identifier cmp found. Frame? yes
Identifier lookup failed
Weee identifier cmp found. Frame? yes
Identifier lookup failed
Weee identifier cmp found. Frame? yes
Identifier lookup failed
Weee identifier definition found. Frame? yes
Identifier lookup failed
Weee identifier idx found. Frame? yes
Identifier lookup failed
Weee identifier definition found. Frame? yes
Identifier lookup failed
Weee identifier id found. Frame? yes
Identifier lookup failed
Weee identifier id found. Frame? yes
Identifier lookup failed
Weee identifier newBody found. Frame? yes
Identifier lookup failed
Weee identifier newBody found. Frame? yes
Identifier lookup failed
Check node
*__memberGet__(
    newBody,
    "__appendAssign__")(
    List«Call»(fun))
Const tests 1 1
It's not a constant
Type tests 0 1 0
Fail
Weee identifier newBody found. Frame? yes
Identifier lookup failed
Weee identifier newBody found. Frame? yes
Identifier lookup failed
Weee identifier newBody found. Frame? yes
Identifier lookup failed
Weee identifier fun found. Frame? yes
Identifier lookup failed
Weee identifier newBody found. Frame? yes
Identifier lookup failed
Weee identifier newBody found. Frame? yes
Identifier lookup failed
Check node
*__memberGet__(
    newBody,
    "__appendAssign__")(
    List«Call»(prop))
Const tests 1 1
It's not a constant
Type tests 0 1 0
Fail
Weee identifier newBody found. Frame? yes
Identifier lookup failed
Weee identifier newBody found. Frame? yes
Identifier lookup failed
Weee identifier newBody found. Frame? yes
Identifier lookup failed
Weee identifier prop found. Frame? yes
Identifier lookup failed
Weee identifier nameBody found. Frame? yes
Identifier lookup failed
Weee identifier nameBody found. Frame? yes
Identifier lookup failed
Check node
*__memberGet__(
    nameBody,
    "__appendAssign__")(
    List«Call»(cmp))
Const tests 1 1
It's not a constant
Type tests 0 1 0
Fail
Weee identifier nameBody found. Frame? yes
Identifier lookup failed
Weee identifier nameBody found. Frame? yes
Identifier lookup failed
Weee identifier nameBody found. Frame? yes
Identifier lookup failed
Weee identifier cmp found. Frame? yes
Identifier lookup failed
Weee identifier el found. Frame? yes
Identifier lookup failed
Weee identifier __not__ found. Frame? yes
Identifier __not__ is a constant
Weee identifier id found. Frame? yes
Identifier lookup failed
Check node
*__memberGet__(
    *__memberGet__(
        "!",
        "__join__")(
        *__memberGet__(
            id; name)),
    "__join__")(
    "Getter")
Const tests 1 1
It's not a constant
Type tests 0 1 0
Fail
Check node
*__memberGet__(
    "!",
    "__join__")(
    *__memberGet__(
        id; name))
Const tests 0 0
It's not a constant
Type tests 0 1 0
Fail
Weee identifier id found. Frame? yes
Identifier lookup failed
Weee identifier id found. Frame? yes
Identifier lookup failed
Check node
*__memberGet__(
    *__memberGet__(
        fun,
        "replace")(
        <Dummy>: Identifier;
        Identifier(definition;getter)),
    "replace")(
    <Dummy>: Identifier;
    IntLiteral(definition;idx))
Const tests 1 1
It's not a constant
Type tests 0 0 0
Fail
Weee identifier fun found. Frame? yes
Identifier lookup failed
Weee identifier fun found. Frame? yes
Identifier lookup failed
Check node
*__memberGet__(
    fun,
    "replace")(
    <Dummy>: Identifier;
    Identifier(definition;getter))
Const tests 1 1
It's not a constant
Type tests 0 0 0
Fail
Weee identifier fun found. Frame? yes
Identifier lookup failed
Weee identifier fun found. Frame? yes
Identifier lookup failed
Weee identifier fun found. Frame? yes
Identifier lookup failed
Weee identifier definition found. Frame? yes
Identifier lookup failed
Weee identifier getter found. Frame? yes
Identifier lookup failed
Weee identifier definition found. Frame? yes
Identifier lookup failed
Weee identifier idx found. Frame? yes
Identifier lookup failed
Check node
*__memberGet__(
    *__memberGet__(
        prop,
        "replace")(
        <Dummy>: Identifier;
        Identifier(definition;*__memberGet__(
    id; name))),
    "replace")(
    <Dummy>: Identifier;
    Identifier(definition;getter))
Const tests 1 1
It's not a constant
Type tests 0 0 0
Fail
Weee identifier prop found. Frame? yes
Identifier lookup failed
Weee identifier prop found. Frame? yes
Identifier lookup failed
Check node
*__memberGet__(
    prop,
    "replace")(
    <Dummy>: Identifier;
    Identifier(definition;*__memberGet__(
    id; name)))
Const tests 1 1
It's not a constant
Type tests 0 0 0
Fail
Weee identifier prop found. Frame? yes
Identifier lookup failed
Weee identifier prop found. Frame? yes
Identifier lookup failed
Weee identifier prop found. Frame? yes
Identifier lookup failed
Weee identifier definition found. Frame? yes
Identifier lookup failed
Weee identifier id found. Frame? yes
Identifier lookup failed
Weee identifier id found. Frame? yes
Identifier lookup failed
Weee identifier definition found. Frame? yes
Identifier lookup failed
Weee identifier getter found. Frame? yes
Identifier lookup failed
Check node
*__memberGet__(
    *__memberGet__(
        cmp,
        "replace")(
        <Dummy>: Identifier;
        IntLiteral(definition;idx)),
    "replace")(
    <Dummy>: Identifier;
    StringLiteral(definition;*__memberGet__(
    id; name)))
Const tests 1 1
It's not a constant
Type tests 0 0 0
Fail
Weee identifier cmp found. Frame? yes
Identifier lookup failed
Weee identifier cmp found. Frame? yes
Identifier lookup failed
Check node
*__memberGet__(
    cmp,
    "replace")(
    <Dummy>: Identifier;
    IntLiteral(definition;idx))
Const tests 1 1
It's not a constant
Type tests 0 0 0
Fail
Weee identifier cmp found. Frame? yes
Identifier lookup failed
Weee identifier cmp found. Frame? yes
Identifier lookup failed
Weee identifier cmp found. Frame? yes
Identifier lookup failed
Weee identifier definition found. Frame? yes
Identifier lookup failed
Weee identifier idx found. Frame? yes
Identifier lookup failed
Weee identifier definition found. Frame? yes
Identifier lookup failed
Weee identifier id found. Frame? yes
Identifier lookup failed
Weee identifier id found. Frame? yes
Identifier lookup failed
Weee identifier newBody found. Frame? yes
Identifier lookup failed
Weee identifier newBody found. Frame? yes
Identifier lookup failed
Check node
*__memberGet__(
    newBody,
    "__appendAssign__")(
    List«Call»(fun))
Const tests 1 1
It's not a constant
Type tests 0 1 0
Fail
Weee identifier newBody found. Frame? yes
Identifier lookup failed
Weee identifier newBody found. Frame? yes
Identifier lookup failed
Weee identifier newBody found. Frame? yes
Identifier lookup failed
Weee identifier fun found. Frame? yes
Identifier lookup failed
Weee identifier newBody found. Frame? yes
Identifier lookup failed
Weee identifier newBody found. Frame? yes
Identifier lookup failed
Check node
*__memberGet__(
    newBody,
    "__appendAssign__")(
    List«Call»(prop))
Const tests 1 1
It's not a constant
Type tests 0 1 0
Fail
Weee identifier newBody found. Frame? yes
Identifier lookup failed
Weee identifier newBody found. Frame? yes
Identifier lookup failed
Weee identifier newBody found. Frame? yes
Identifier lookup failed
Weee identifier prop found. Frame? yes
Identifier lookup failed
Weee identifier nameBody found. Frame? yes
Identifier lookup failed
Weee identifier nameBody found. Frame? yes
Identifier lookup failed
Check node
*__memberGet__(
    nameBody,
    "__appendAssign__")(
    List«Call»(cmp))
Const tests 1 1
It's not a constant
Type tests 0 1 0
Fail
Weee identifier nameBody found. Frame? yes
Identifier lookup failed
Weee identifier nameBody found. Frame? yes
Identifier lookup failed
Weee identifier nameBody found. Frame? yes
Identifier lookup failed
Weee identifier cmp found. Frame? yes
Identifier lookup failed
Weee identifier definition found. Frame? yes
Identifier lookup failed
Weee identifier definition found. Frame? yes
Identifier lookup failed
Check node
*__memberGet__(
    definition,
    "__get__Int__")(
    2)
Const tests 1 1
It's not a constant
Type tests 0 1 1
Fail
Weee identifier definition found. Frame? yes
Identifier lookup failed
Weee identifier definition found. Frame? yes
Identifier lookup failed
Weee identifier definition found. Frame? yes
Identifier lookup failed
Weee identifier definition found. Frame? yes
Identifier lookup failed
Weee identifier body found. Frame? yes
Identifier lookup failed
Weee identifier body found. Frame? yes
Identifier lookup failed
Check node
*__memberGet__(
    body,
    "__each__")(
    *closure(
))
Const tests 1 1
It's not a constant
Type tests 0 1 0
Fail
Weee identifier body found. Frame? yes
Identifier lookup failed
Weee identifier body found. Frame? yes
Identifier lookup failed
Weee identifier body found. Frame? yes
Identifier lookup failed
Weee identifier newBody found. Frame? yes
Identifier lookup failed
Weee identifier newBody found. Frame? yes
Identifier lookup failed
Check node
*__memberGet__(
    newBody,
    "__appendAssign__")(
    List«Call»(init))
Const tests 1 1
It's not a constant
Type tests 0 1 0
Fail
Weee identifier newBody found. Frame? yes
Identifier lookup failed
Weee identifier newBody found. Frame? yes
Identifier lookup failed
Weee identifier newBody found. Frame? yes
Identifier lookup failed
Weee identifier init found. Frame? yes
Identifier lookup failed
Check node
*__memberGet__(
    __cast__(
        *__memberGet__(
            nameFun,
            "__get__Int__")(
            2);
        Call),
    "__set__Int__")(
    4;
    nameBody)
Const tests 1 1
It's not a constant
Type tests 0 0 1
Fail
Weee identifier nameFun found. Frame? yes
Identifier lookup failed
Weee identifier nameFun found. Frame? yes
Identifier lookup failed
Check node
*__memberGet__(
    nameFun,
    "__get__Int__")(
    2)
Const tests 1 1
It's not a constant
Type tests 0 1 1
Fail
Weee identifier nameFun found. Frame? yes
Identifier lookup failed
Weee identifier nameFun found. Frame? yes
Identifier lookup failed
Weee identifier nameFun found. Frame? yes
Identifier lookup failed
Weee identifier nameBody found. Frame? yes
Identifier lookup failed
Weee identifier newBody found. Frame? yes
Identifier lookup failed
Weee identifier newBody found. Frame? yes
Identifier lookup failed
Check node
*__memberGet__(
    newBody,
    "__appendAssign__")(
    List«Call»(nameFun))
Const tests 1 1
It's not a constant
Type tests 0 1 0
Fail
Weee identifier newBody found. Frame? yes
Identifier lookup failed
Weee identifier newBody found. Frame? yes
Identifier lookup failed
Weee identifier newBody found. Frame? yes
Identifier lookup failed
Weee identifier nameFun found. Frame? yes
Identifier lookup failed
Weee identifier definition found. Frame? yes
Identifier lookup failed
Weee identifier definition found. Frame? yes
Identifier lookup failed
Check node
*__memberGet__(
    definition,
    "__set__Int__")(
    2;
    newBody)
Const tests 1 1
It's not a constant
Type tests 0 0 1
Fail
Weee identifier definition found. Frame? yes
Identifier lookup failed
Weee identifier definition found. Frame? yes
Identifier lookup failed
Weee identifier definition found. Frame? yes
Identifier lookup failed
Weee identifier newBody found. Frame? yes
Identifier lookup failed
Weee identifier definition found. Frame? yes
Identifier lookup failed
Weee identifier definition found. Frame? yes
Identifier lookup failed
Weee identifier definition found. Frame? yes
Identifier lookup failed
Check node
*__memberGet__(
    definition,
    "__get__Int__")(
    2)
Const tests 1 1
It's not a constant
Type tests 0 1 1
Fail
Weee identifier definition found. Frame? yes
Identifier lookup failed
Weee identifier definition found. Frame? yes
Identifier lookup failed
Weee identifier definition found. Frame? yes
Identifier lookup failed
Weee identifier definition found. Frame? yes
Identifier lookup failed
Weee identifier body found. Frame? yes
Identifier lookup failed
Weee identifier body found. Frame? yes
Identifier lookup failed
Check node
*__memberGet__(
    body,
    "__each__")(
    *closure(
))
Const tests 1 1
It's not a constant
Type tests 0 1 0
Fail
Weee identifier body found. Frame? yes
Identifier lookup failed
Weee identifier body found. Frame? yes
Identifier lookup failed
Weee identifier body found. Frame? yes
Identifier lookup failed
Weee identifier newBody found. Frame? yes
Identifier lookup failed
Weee identifier newBody found. Frame? yes
Identifier lookup failed
Check node
*__memberGet__(
    newBody,
    "__appendAssign__")(
    List«Call»(init))
Const tests 1 1
It's not a constant
Type tests 0 1 0
Fail
Weee identifier newBody found. Frame? yes
Identifier lookup failed
Weee identifier newBody found. Frame? yes
Identifier lookup failed
Weee identifier newBody found. Frame? yes
Identifier lookup failed
Weee identifier init found. Frame? yes
Identifier lookup failed
Check node
*__memberGet__(
    __cast__(
        *__memberGet__(
            nameFun,
            "__get__Int__")(
            2);
        Call),
    "__set__Int__")(
    4;
    nameBody)
Const tests 1 1
It's not a constant
Type tests 0 0 1
Fail
Weee identifier nameFun found. Frame? yes
Identifier lookup failed
Weee identifier nameFun found. Frame? yes
Identifier lookup failed
Check node
*__memberGet__(
    nameFun,
    "__get__Int__")(
    2)
Const tests 1 1
It's not a constant
Type tests 0 1 1
Fail
Weee identifier nameFun found. Frame? yes
Identifier lookup failed
Weee identifier nameFun found. Frame? yes
Identifier lookup failed
Weee identifier nameFun found. Frame? yes
Identifier lookup failed
Weee identifier nameBody found. Frame? yes
Identifier lookup failed
Weee identifier newBody found. Frame? yes
Identifier lookup failed
Weee identifier newBody found. Frame? yes
Identifier lookup failed
Check node
*__memberGet__(
    newBody,
    "__appendAssign__")(
    List«Call»(nameFun))
Const tests 1 1
It's not a constant
Type tests 0 1 0
Fail
Weee identifier newBody found. Frame? yes
Identifier lookup failed
Weee identifier newBody found. Frame? yes
Identifier lookup failed
Weee identifier newBody found. Frame? yes
Identifier lookup failed
Weee identifier nameFun found. Frame? yes
Identifier lookup failed
Weee identifier definition found. Frame? yes
Identifier lookup failed
Weee identifier definition found. Frame? yes
Identifier lookup failed
Check node
*__memberGet__(
    definition,
    "__set__Int__")(
    2;
    newBody)
Const tests 1 1
It's not a constant
Type tests 0 0 1
Fail
Weee identifier definition found. Frame? yes
Identifier lookup failed
Weee identifier definition found. Frame? yes
Identifier lookup failed
Weee identifier definition found. Frame? yes
Identifier lookup failed
Weee identifier newBody found. Frame? yes
Identifier lookup failed
Weee identifier definition found. Frame? yes
Identifier lookup failed
Weee identifier Range found. Frame? yes
Identifier Range is a constant
Weee identifier Range found. Frame? yes
Identifier Range is a constant
Weee identifier Range found. Frame? yes
Identifier Range is a constant
Weee identifier Range found. Frame? yes
Identifier Range is a constant
Weee identifier i found. Frame? yes
Identifier lookup failed
Weee identifier i found. Frame? yes
Identifier lookup failed
Weee identifier d found. Frame? yes
Identifier lookup failed
Weee identifier d found. Frame? yes
Identifier lookup failed
Check node
*__memberGet__(
    d,
    "__set__")(
    *__memberGet__(
        10,
        "__mul__Int__")(
        i);
    "AAA")
Const tests 1 1
It's not a constant
Type tests 0 0 1
Fail
Weee identifier d found. Frame? yes
Identifier lookup failed
Weee identifier d found. Frame? yes
Identifier lookup failed
Weee identifier d found. Frame? yes
Identifier lookup failed
Check node
*__memberGet__(
    10,
    "__mul__Int__")(
    i)
Const tests 0 0
It's not a constant
Type tests 1 1 1
Int types check out ok
Weee identifier i found. Frame? yes
Identifier lookup failed
Weee identifier d found. Frame? yes
Identifier lookup failed
Weee identifier d found. Frame? yes
Identifier lookup failed
Check node
*__memberGet__(
    d,
    "__set__")(
    *__memberGet__(
        10,
        "__mul__Int__")(
        i);
    "AAA")
Const tests 1 1
It's not a constant
Type tests 0 0 1
Fail
Weee identifier d found. Frame? yes
Identifier lookup failed
Weee identifier d found. Frame? yes
Identifier lookup failed
Weee identifier d found. Frame? yes
Identifier lookup failed
Check node
*__memberGet__(
    10,
    "__mul__Int__")(
    i)
Const tests 0 0
It's not a constant
Type tests 1 1 1
Int types check out ok
Weee identifier i found. Frame? yes
Identifier lookup failed
Check node
*__memberGet__(
    10,
    "__mul__Int__")(
    i)
Const tests 0 0
It's not a constant
Type tests 1 1 1
Int types check out ok
Weee identifier d found. Frame? yes
Identifier lookup failed
Weee identifier d found. Frame? yes
Identifier lookup failed
Check node
*__memberGet__(
    d,
    "remove")(
    *__memberGet__(
        10,
        "__mul__Int__")(
        i))
Const tests 1 1
It's not a constant
Type tests 0 1 1
Fail
Weee identifier d found. Frame? yes
Identifier lookup failed
Weee identifier d found. Frame? yes
Identifier lookup failed
Weee identifier d found. Frame? yes
Identifier lookup failed
Check node
*__memberGet__(
    10,
    "__mul__Int__")(
    i)
Const tests 0 0
It's not a constant
Type tests 1 1 1
Int types check out ok
Weee identifier i found. Frame? yes
Identifier lookup failed
Weee identifier d found. Frame? yes
Identifier lookup failed
Weee identifier d found. Frame? yes
Identifier lookup failed
Check node
*__memberGet__(
    d,
    "remove")(
    *__memberGet__(
        10,
        "__mul__Int__")(
        i))
Const tests 1 1
It's not a constant
Type tests 0 1 1
Fail
Weee identifier d found. Frame? yes
Identifier lookup failed
Weee identifier d found. Frame? yes
Identifier lookup failed
Weee identifier d found. Frame? yes
Identifier lookup failed
Check node
*__memberGet__(
    10,
    "__mul__Int__")(
    i)
Const tests 0 0
It's not a constant
Type tests 1 1 1
Int types check out ok
Weee identifier i found. Frame? yes
Identifier lookup failed
Check node
*__memberGet__(
    10,
    "__mul__Int__")(
    i)
Const tests 0 0
It's not a constant
Type tests 1 1 1
Int types check out ok
Weee identifier d found. Frame? yes
Identifier lookup failed
Weee identifier d found. Frame? yes
Identifier lookup failed
Check node
*__memberGet__(
    d,
    "__set__")(
    *__memberGet__(
        10,
        "__mul__Int__")(
        i);
    "AAA")
Const tests 1 1
It's not a constant
Type tests 0 0 1
Fail
Weee identifier d found. Frame? yes
Identifier lookup failed
Weee identifier d found. Frame? yes
Identifier lookup failed
Weee identifier d found. Frame? yes
Identifier lookup failed
Check node
*__memberGet__(
    10,
    "__mul__Int__")(
    i)
Const tests 0 0
It's not a constant
Type tests 1 1 1
Int types check out ok
Weee identifier i found. Frame? yes
Identifier lookup failed
Weee identifier d found. Frame? yes
Identifier lookup failed
Weee identifier d found. Frame? yes
Identifier lookup failed
Check node
*__memberGet__(
    d,
    "__set__")(
    *__memberGet__(
        10,
        "__mul__Int__")(
        i);
    "AAA")
Const tests 1 1
It's not a constant
Type tests 0 0 1
Fail
Weee identifier d found. Frame? yes
Identifier lookup failed
Weee identifier d found. Frame? yes
Identifier lookup failed
Weee identifier d found. Frame? yes
Identifier lookup failed
Check node
*__memberGet__(
    10,
    "__mul__Int__")(
    i)
Const tests 0 0
It's not a constant
Type tests 1 1 1
Int types check out ok
Weee identifier i found. Frame? yes
Identifier lookup failed
Check node
*__memberGet__(
    10,
    "__mul__Int__")(
    i)
Const tests 0 0
It's not a constant
Type tests 1 1 1
Int types check out ok
Weee identifier d found. Frame? yes
Identifier lookup failed
Weee identifier d found. Frame? yes
Identifier lookup failed
Check node
*__memberGet__(
    d,
    "remove")(
    *__memberGet__(
        10,
        "__mul__Int__")(
        i))
Const tests 1 1
It's not a constant
Type tests 0 1 1
Fail
Weee identifier d found. Frame? yes
Identifier lookup failed
Weee identifier d found. Frame? yes
Identifier lookup failed
Weee identifier d found. Frame? yes
Identifier lookup failed
Check node
*__memberGet__(
    10,
    "__mul__Int__")(
    i)
Const tests 0 0
It's not a constant
Type tests 1 1 1
Int types check out ok
Weee identifier i found. Frame? yes
Identifier lookup failed
Weee identifier d found. Frame? yes
Identifier lookup failed
Weee identifier d found. Frame? yes
Identifier lookup failed
Check node
*__memberGet__(
    d,
    "remove")(
    *__memberGet__(
        10,
        "__mul__Int__")(
        i))
Const tests 1 1
It's not a constant
Type tests 0 1 1
Fail
Weee identifier d found. Frame? yes
Identifier lookup failed
Weee identifier d found. Frame? yes
Identifier lookup failed
Weee identifier d found. Frame? yes
Identifier lookup failed
Check node
*__memberGet__(
    10,
    "__mul__Int__")(
    i)
Const tests 0 0
It's not a constant
Type tests 1 1 1
Int types check out ok
Weee identifier i found. Frame? yes
Identifier lookup failed
Check node
*__memberGet__(
    10,
    "__mul__Int__")(
    i)
Const tests 0 0
It's not a constant
Type tests 1 1 1
Int types check out ok
Weee identifier d found. Frame? yes
Identifier lookup failed
Weee identifier d found. Frame? yes
Identifier lookup failed
Check node
*__memberGet__(
    d,
    "__set__")(
    4;
    "flöjt1")
Const tests 1 1
It's not a constant
Type tests 0 0 1
Fail
Weee identifier d found. Frame? yes
Identifier lookup failed
Weee identifier d found. Frame? yes
Identifier lookup failed
Weee identifier d found. Frame? yes
Identifier lookup failed
Weee identifier d found. Frame? yes
Identifier lookup failed
Weee identifier d found. Frame? yes
Identifier lookup failed
Check node
*__memberGet__(
    d,
    "__set__")(
    20;
    "flöjt2")
Const tests 1 1
It's not a constant
Type tests 0 0 1
Fail
Weee identifier d found. Frame? yes
Identifier lookup failed
Weee identifier d found. Frame? yes
Identifier lookup failed
Weee identifier d found. Frame? yes
Identifier lookup failed
Weee identifier print found. Frame? yes
Identifier print is a constant
Weee identifier d found. Frame? yes
Identifier lookup failed
Weee identifier d found. Frame? yes
Identifier lookup failed
Check node
*__memberGet__(
    d,
    "__get__")(
    1)
Const tests 1 1
It's not a constant
Type tests 0 1 1
Fail
Weee identifier d found. Frame? yes
Identifier lookup failed
Weee identifier d found. Frame? yes
Identifier lookup failed
Weee identifier d found. Frame? yes
Identifier lookup failed
Weee identifier d found. Frame? yes
Identifier lookup failed
Weee identifier d found. Frame? yes
Identifier lookup failed
Check node
*__memberGet__(
    d,
    "__get__")(
    2)
Const tests 1 1
It's not a constant
Type tests 0 1 1
Fail
Weee identifier d found. Frame? yes
Identifier lookup failed
Weee identifier d found. Frame? yes
Identifier lookup failed
Weee identifier d found. Frame? yes
Identifier lookup failed
Weee identifier d found. Frame? yes
Identifier lookup failed
Weee identifier d found. Frame? yes
Identifier lookup failed
Check node
*__memberGet__(
    d,
    "__get__")(
    4)
Const tests 1 1
It's not a constant
Type tests 0 1 1
Fail
Weee identifier d found. Frame? yes
Identifier lookup failed
Weee identifier d found. Frame? yes
Identifier lookup failed
Weee identifier d found. Frame? yes
Identifier lookup failed
Weee identifier d found. Frame? yes
Identifier lookup failed
Weee identifier d found. Frame? yes
Identifier lookup failed
Check node
*__memberGet__(
    d,
    "__get__")(
    20)
Const tests 1 1
It's not a constant
Type tests 0 1 1
Fail
Weee identifier d found. Frame? yes
Identifier lookup failed
Weee identifier d found. Frame? yes
Identifier lookup failed
Weee identifier d found. Frame? yes
Identifier lookup failed
Weee identifier d found. Frame? yes
Identifier lookup failed
Weee identifier d found. Frame? yes
Identifier lookup failed
Check node
*__memberGet__(
    d,
    "__get__")(
    36)
Const tests 1 1
It's not a constant
Type tests 0 1 1
Fail
Weee identifier d found. Frame? yes
Identifier lookup failed
Weee identifier d found. Frame? yes
Identifier lookup failed
Weee identifier d found. Frame? yes
Identifier lookup failed
Weee identifier d found. Frame? yes
Identifier lookup failed
Weee identifier d found. Frame? yes
Identifier lookup failed
Check node
*__memberGet__(
    d,
    "__get__")(
    52)
Const tests 1 1
It's not a constant
Type tests 0 1 1
Fail
Weee identifier d found. Frame? yes
Identifier lookup failed
Weee identifier d found. Frame? yes
Identifier lookup failed
Weee identifier d found. Frame? yes
Identifier lookup failed
Weee identifier d found. Frame? yes
Identifier lookup failed
Weee identifier d found. Frame? yes
Identifier lookup failed
Check node
*__memberGet__(
    d,
    "__get__")(
    69)
Const tests 1 1
It's not a constant
Type tests 0 1 1
Fail
Weee identifier d found. Frame? yes
Identifier lookup failed
Weee identifier d found. Frame? yes
Identifier lookup failed
Weee identifier d found. Frame? yes
Identifier lookup failed
Weee identifier print found. Frame? yes
Identifier print is a constant
Weee identifier d found. Frame? yes
Identifier lookup failed
Weee identifier d found. Frame? yes
Identifier lookup failed
Weee identifier print found. Frame? yes
Identifier print is a constant
Weee identifier d found. Frame? yes
Identifier lookup failed
Weee identifier d found. Frame? yes
Identifier lookup failed
Check node
*__memberGet__(
    d,
    "__map__")(
    *closure(
))
Const tests 1 1
It's not a constant
Type tests 0 1 0
Fail
Weee identifier d found. Frame? yes
Identifier lookup failed
Weee identifier d found. Frame? yes
Identifier lookup failed
Weee identifier d found. Frame? yes
Identifier lookup failed
Check node
*__memberGet__(
    Range(0;100000;null),
    "__each__")(
    *closure(
))
Const tests 1 1
It's not a constant
Type tests 0 1 0
Fail
Weee identifier print found. Frame? yes
Identifier print is a constant
Weee identifier d found. Frame? yes
Identifier lookup failed
Weee identifier d found. Frame? yes
Identifier lookup failed
Check node
*__memberGet__(
    Range(0;100000;null),
    "__each__")(
    *closure(
))
Const tests 1 1
It's not a constant
Type tests 0 1 0
Fail
Weee identifier print found. Frame? yes
Identifier print is a constant
Weee identifier d found. Frame? yes
Identifier lookup failed
Weee identifier d found. Frame? yes
Identifier lookup failed
Check node
*__memberGet__(
    Range(0;100000;null),
    "__each__")(
    *closure(
))
Const tests 1 1
It's not a constant
Type tests 0 1 0
Fail
Weee identifier print found. Frame? yes
Identifier print is a constant
Weee identifier d found. Frame? yes
Identifier lookup failed
Weee identifier d found. Frame? yes
Identifier lookup failed
Check node
*__memberGet__(
    Range(0;100000;null),
    "__each__")(
    *closure(
))
Const tests 1 1
It's not a constant
Type tests 0 1 0
Fail
Weee identifier print found. Frame? yes
Identifier print is a constant
Weee identifier d found. Frame? yes
Identifier lookup failed
Weee identifier d found. Frame? yes
Identifier lookup failed
Weee identifier d found. Frame? yes
Identifier lookup failed
Weee identifier d found. Frame? yes
Identifier lookup failed
Check node
*__memberGet__(
    d,
    "__set__")(
    4;
    "flöjt1")
Const tests 1 1
It's not a constant
Type tests 0 0 1
Fail
Weee identifier d found. Frame? yes
Identifier lookup failed
Weee identifier d found. Frame? yes
Identifier lookup failed
Weee identifier d found. Frame? yes
Identifier lookup failed
Weee identifier d found. Frame? yes
Identifier lookup failed
Weee identifier d found. Frame? yes
Identifier lookup failed
Check node
*__memberGet__(
    d,
    "__set__")(
    20;
    "flöjt2")
Const tests 1 1
It's not a constant
Type tests 0 0 1
Fail
Weee identifier d found. Frame? yes
Identifier lookup failed
Weee identifier d found. Frame? yes
Identifier lookup failed
Weee identifier d found. Frame? yes
Identifier lookup failed
Weee identifier print found. Frame? yes
Identifier print is a constant
Weee identifier d found. Frame? yes
Identifier lookup failed
Weee identifier d found. Frame? yes
Identifier lookup failed
Check node
*__memberGet__(
    d,
    "__get__")(
    1)
Const tests 1 1
It's not a constant
Type tests 0 1 1
Fail
Weee identifier d found. Frame? yes
Identifier lookup failed
Weee identifier d found. Frame? yes
Identifier lookup failed
Weee identifier d found. Frame? yes
Identifier lookup failed
Weee identifier d found. Frame? yes
Identifier lookup failed
Weee identifier d found. Frame? yes
Identifier lookup failed
Check node
*__memberGet__(
    d,
    "__get__")(
    2)
Const tests 1 1
It's not a constant
Type tests 0 1 1
Fail
Weee identifier d found. Frame? yes
Identifier lookup failed
Weee identifier d found. Frame? yes
Identifier lookup failed
Weee identifier d found. Frame? yes
Identifier lookup failed
Weee identifier d found. Frame? yes
Identifier lookup failed
Weee identifier d found. Frame? yes
Identifier lookup failed
Check node
*__memberGet__(
    d,
    "__get__")(
    4)
Const tests 1 1
It's not a constant
Type tests 0 1 1
Fail
Weee identifier d found. Frame? yes
Identifier lookup failed
Weee identifier d found. Frame? yes
Identifier lookup failed
Weee identifier d found. Frame? yes
Identifier lookup failed
Weee identifier d found. Frame? yes
Identifier lookup failed
Weee identifier d found. Frame? yes
Identifier lookup failed
Check node
*__memberGet__(
    d,
    "__get__")(
    20)
Const tests 1 1
It's not a constant
Type tests 0 1 1
Fail
Weee identifier d found. Frame? yes
Identifier lookup failed
Weee identifier d found. Frame? yes
Identifier lookup failed
Weee identifier d found. Frame? yes
Identifier lookup failed
Weee identifier d found. Frame? yes
Identifier lookup failed
Weee identifier d found. Frame? yes
Identifier lookup failed
Check node
*__memberGet__(
    d,
    "__get__")(
    36)
Const tests 1 1
It's not a constant
Type tests 0 1 1
Fail
Weee identifier d found. Frame? yes
Identifier lookup failed
Weee identifier d found. Frame? yes
Identifier lookup failed
Weee identifier d found. Frame? yes
Identifier lookup failed
Weee identifier d found. Frame? yes
Identifier lookup failed
Weee identifier d found. Frame? yes
Identifier lookup failed
Check node
*__memberGet__(
    d,
    "__get__")(
    52)
Const tests 1 1
It's not a constant
Type tests 0 1 1
Fail
Weee identifier d found. Frame? yes
Identifier lookup failed
Weee identifier d found. Frame? yes
Identifier lookup failed
Weee identifier d found. Frame? yes
Identifier lookup failed
Weee identifier d found. Frame? yes
Identifier lookup failed
Weee identifier d found. Frame? yes
Identifier lookup failed
Check node
*__memberGet__(
    d,
    "__get__")(
    69)
Const tests 1 1
It's not a constant
Type tests 0 1 1
Fail
Weee identifier d found. Frame? yes
Identifier lookup failed
Weee identifier d found. Frame? yes
Identifier lookup failed
Weee identifier d found. Frame? yes
Identifier lookup failed
Weee identifier print found. Frame? yes
Identifier print is a constant
Weee identifier d found. Frame? yes
Identifier lookup failed
Weee identifier d found. Frame? yes
Identifier lookup failed
Weee identifier print found. Frame? yes
Identifier print is a constant
Weee identifier d found. Frame? yes
Identifier lookup failed
Weee identifier d found. Frame? yes
Identifier lookup failed
Check node
*__memberGet__(
    d,
    "__map__")(
    *closure(
))
Const tests 1 1
It's not a constant
Type tests 0 1 0
Fail
Weee identifier d found. Frame? yes
Identifier lookup failed
Weee identifier d found. Frame? yes
Identifier lookup failed
Weee identifier d found. Frame? yes
Identifier lookup failed
Check node
*__memberGet__(
    Range(0;100000;null),
    "__each__")(
    *closure(
))
Const tests 1 1
It's not a constant
Type tests 0 1 0
Fail
Weee identifier print found. Frame? yes
Identifier print is a constant
Weee identifier d found. Frame? yes
Identifier lookup failed
Weee identifier d found. Frame? yes
Identifier lookup failed
Check node
*__memberGet__(
    Range(0;100000;null),
    "__each__")(
    *closure(
))
Const tests 1 1
It's not a constant
Type tests 0 1 0
Fail
Weee identifier print found. Frame? yes
Identifier print is a constant
Weee identifier d found. Frame? yes
Identifier lookup failed
Weee identifier d found. Frame? yes
Identifier lookup failed
Check node
*__memberGet__(
    Range(0;100000;null),
    "__each__")(
    *closure(
))
Const tests 1 1
It's not a constant
Type tests 0 1 0
Fail
Weee identifier print found. Frame? yes
Identifier print is a constant
Weee identifier d found. Frame? yes
Identifier lookup failed
Weee identifier d found. Frame? yes
Identifier lookup failed
Check node
*__memberGet__(
    Range(0;100000;null),
    "__each__")(
    *closure(
))
Const tests 1 1
It's not a constant
Type tests 0 1 0
Fail
Weee identifier print found. Frame? yes
Identifier print is a constant
Weee identifier d found. Frame? yes
Identifier lookup failed
Weee identifier d found. Frame? yes
Identifier lookup failed
baberiba tjoho flöjt1 flöjt2 null null null
4
[baberiba, tjoho, flöjt1, flöjt2]
100003
3
100003
3
